<?xml version="1.0" encoding="UTF-8"?>
<testsuite name="Compra de productos" tests="5" skipped="0" failures="0" errors="0" timestamp="2022-04-08T22:25:26" hostname="DESKTOP-6KEC16J" time="319.913">
  <properties/>
  <testcase name="Iniciar sesion" classname="Compra de productos" time="67.852"/>
  <testcase name="Probar metodo de pago por cuotas" classname="Compra de productos" time="127.045"/>
  <testcase name="Probar metodo meses sin intereses sin SP #1" classname="Compra de productos" time="41.947"/>
  <testcase name="Probar metodo meses sin intereses sin SP #2" classname="Compra de productos" time="40.507"/>
  <testcase name="Probar metodo meses sin intereses con SP" classname="Compra de productos" time="42.561"/>
  <system-out><![CDATA[]]></system-out>
  <system-err><![CDATA[SLF4J: Failed to load class "org.slf4j.impl.StaticLoggerBinder".
SLF4J: Defaulting to no-operation (NOP) logger implementation
SLF4J: See http://www.slf4j.org/codes.html#StaticLoggerBinder for further details.
Starting ChromeDriver 100.0.4896.60 (6a5d10861ce8de5fce22564658033b43cb7de047-refs/branch-heads/4896@{#875}) on port 52895
Only local connections are allowed.
Please see https://chromedriver.chromium.org/security-considerations for suggestions on keeping ChromeDriver safe.
ChromeDriver was started successfully.
abr. 08, 2022 4:25:29 P. M. org.openqa.selenium.remote.ProtocolHandshake createSession
INFO: Detected dialect: W3C
abr. 08, 2022 4:25:29 P. M. org.openqa.selenium.devtools.CdpVersionFinder findNearestMatch
WARNING: Unable to find an exact match for CDP version 100, so returning the closest version found: 97
abr. 08, 2022 4:25:29 P. M. org.openqa.selenium.devtools.CdpVersionFinder findNearestMatch
INFO: Found CDP implementation for version 100 of 97
]]></system-err>
</testsuite>
