<?xml version="1.0" encoding="UTF-8"?>
<testsuite name="Compra de productos" tests="5" skipped="0" failures="0" errors="0" timestamp="2022-04-06T16:30:36" hostname="DESKTOP-6KEC16J" time="103.485">
  <properties/>
  <testcase name="Iniciar sesion" classname="Compra de productos" time="42.487"/>
  <testcase name="Probar metodo de pago meses sin intereses #1" classname="Compra de productos" time="23.548"/>
  <testcase name="Probar metodo de pago meses sin intereses #2" classname="Compra de productos" time="14.504"/>
  <testcase name="Probar metodo de pago meses sin intereses #3" classname="Compra de productos" time="12.336"/>
  <testcase name="Probar metodo de pago meses sin intereses #4" classname="Compra de productos" time="10.61"/>
  <system-out><![CDATA[]]></system-out>
  <system-err><![CDATA[SLF4J: Failed to load class "org.slf4j.impl.StaticLoggerBinder".
SLF4J: Defaulting to no-operation (NOP) logger implementation
SLF4J: See http://www.slf4j.org/codes.html#StaticLoggerBinder for further details.
Starting ChromeDriver 98.0.4758.102 (273bf7ac8c909cde36982d27f66f3c70846a3718-refs/branch-heads/4758@{#1151}) on port 53060
Only local connections are allowed.
Please see https://chromedriver.chromium.org/security-considerations for suggestions on keeping ChromeDriver safe.
ChromeDriver was started successfully.
[1649262639.997][WARNING]: This version of ChromeDriver has not been tested with Chrome version 99.
abr. 06, 2022 10:30:42 A. M. org.openqa.selenium.remote.ProtocolHandshake createSession
INFO: Detected dialect: W3C
abr. 06, 2022 10:30:43 A. M. org.openqa.selenium.devtools.CdpVersionFinder findNearestMatch
WARNING: Unable to find an exact match for CDP version 99, so returning the closest version found: 97
abr. 06, 2022 10:30:43 A. M. org.openqa.selenium.devtools.CdpVersionFinder findNearestMatch
INFO: Found CDP implementation for version 99 of 97
]]></system-err>
</testsuite>
