<?xml version="1.0" encoding="UTF-8"?>
<testsuite name="runner.runner" tests="0" skipped="0" failures="0" errors="0" timestamp="1970-01-01T00:00:00" hostname="DESKTOP-2533FTU" time="0.0">
  <properties/>
  <system-out><![CDATA[]]></system-out>
  <system-err><![CDATA[?[32m?[1m?????????????????????????????????????????????????????????????????????????????[0m
?[32m?[1m??[0m View your Cucumber Report at:                                            ?[32m?[1m??[0m
?[32m?[1m??[0m ?[1m?[36m?[4mhttps://reports.cucumber.io/reports/a58c0ef0-85c8-41cb-88fb-36f25ae7a7f4?[0m ?[32m?[1m??[0m
?[32m?[1m??[0m                                                                          ?[32m?[1m??[0m
?[32m?[1m??[0m This report was published in collection "QA Course"                      ?[32m?[1m??[0m
?[32m?[1m?????????????????????????????????????????????????????????????????????????????[0m]]></system-err>
</testsuite>
