<?xml version="1.0" encoding="UTF-8"?>
<testsuite name="runner.runner" tests="0" skipped="0" failures="0" errors="0" timestamp="1970-01-01T00:00:00" hostname="DESKTOP-6KEC16J" time="0.0">
  <properties/>
  <system-out><![CDATA[]]></system-out>
  <system-err><![CDATA[?[32m?[1m??????????????????????????????????????????????????????????????????????????????????????[0m
?[32m?[1m??[0m Share your Cucumber Report with your team at ?[36m?[1m?[4mhttps://reports.cucumber.io?[0m          ?[32m?[1m??[0m
?[32m?[1m??[0m Activate publishing with one of the following:                                    ?[32m?[1m??[0m
?[32m?[1m??[0m                                                                                   ?[32m?[1m??[0m
?[32m?[1m??[0m src/test/resources/cucumber.properties:          ?[36mcucumber.publish.enabled?[0m=?[36mtrue?[0m    ?[32m?[1m??[0m
?[32m?[1m??[0m src/test/resources/junit-platform.properties:    ?[36mcucumber.publish.enabled?[0m=?[36mtrue?[0m    ?[32m?[1m??[0m
?[32m?[1m??[0m Environment variable:                            ?[36mCUCUMBER_PUBLISH_ENABLED?[0m=?[36mtrue?[0m    ?[32m?[1m??[0m
?[32m?[1m??[0m JUnit:                                           ?[36m@CucumberOptions?[0m(publish = ?[36mtrue?[0m) ?[32m?[1m??[0m
?[32m?[1m??[0m                                                                                   ?[32m?[1m??[0m
?[32m?[1m??[0m More information at ?[36mhttps://cucumber.io/docs/cucumber/environment-variables/?[0m      ?[32m?[1m??[0m
?[32m?[1m??[0m                                                                                   ?[32m?[1m??[0m
?[32m?[1m??[0m Disable this message with one of the following:                                   ?[32m?[1m??[0m
?[32m?[1m??[0m                                                                                   ?[32m?[1m??[0m
?[32m?[1m??[0m src/test/resources/cucumber.properties:          ?[36mcucumber.publish.quiet?[0m=?[36mtrue?[0m      ?[32m?[1m??[0m
?[32m?[1m??[0m src/test/resources/junit-platform.properties:    ?[36mcucumber.publish.quiet?[0m=?[36mtrue?[0m      ?[32m?[1m??[0m
?[32m?[1m??????????????????????????????????????????????????????????????????????????????????????[0m
abr. 07, 2022 11:10:06 A.Â M. org.openqa.selenium.remote.http.WebSocket$Listener onError
WARNING: Connection reset
java.net.SocketException: Connection reset
	at java.base/sun.nio.ch.SocketChannelImpl.throwConnectionReset(SocketChannelImpl.java:367)
	at java.base/sun.nio.ch.SocketChannelImpl.read(SocketChannelImpl.java:398)
	at io.netty.buffer.PooledByteBuf.setBytes(PooledByteBuf.java:258)
	at io.netty.buffer.AbstractByteBuf.writeBytes(AbstractByteBuf.java:1132)
	at io.netty.channel.socket.nio.NioSocketChannel.doReadBytes(NioSocketChannel.java:350)
	at io.netty.channel.nio.AbstractNioByteChannel$NioByteUnsafe.read(AbstractNioByteChannel.java:151)
	at io.netty.channel.nio.NioEventLoop.processSelectedKey(NioEventLoop.java:722)
	at io.netty.channel.nio.NioEventLoop.processSelectedKeysOptimized(NioEventLoop.java:658)
	at io.netty.channel.nio.NioEventLoop.processSelectedKeys(NioEventLoop.java:584)
	at io.netty.channel.nio.NioEventLoop.run(NioEventLoop.java:496)
	at io.netty.util.concurrent.SingleThreadEventExecutor$4.run(SingleThreadEventExecutor.java:986)
	at io.netty.util.internal.ThreadExecutorMap$2.run(ThreadExecutorMap.java:74)
	at io.netty.util.concurrent.FastThreadLocalRunnable.run(FastThreadLocalRunnable.java:30)
	at java.base/java.lang.Thread.run(Thread.java:832)

]]></system-err>
</testsuite>
