<?xml version="1.0" encoding="UTF-8"?>
<testsuite name="Probar las categorias de productos" tests="1" skipped="0" failures="0" errors="0" timestamp="2022-04-05T16:41:29" hostname="DESKTOP-6KEC16J" time="59.074">
  <properties/>
  <testcase name="Desplegar menu" classname="Probar las categorias de productos" time="59.074"/>
  <system-out><![CDATA[]]></system-out>
  <system-err><![CDATA[SLF4J: Failed to load class "org.slf4j.impl.StaticLoggerBinder".
SLF4J: Defaulting to no-operation (NOP) logger implementation
SLF4J: See http://www.slf4j.org/codes.html#StaticLoggerBinder for further details.
Starting ChromeDriver 98.0.4758.102 (273bf7ac8c909cde36982d27f66f3c70846a3718-refs/branch-heads/4758@{#1151}) on port 60686
Only local connections are allowed.
Please see https://chromedriver.chromium.org/security-considerations for suggestions on keeping ChromeDriver safe.
ChromeDriver was started successfully.
[1649176900.102][WARNING]: This version of ChromeDriver has not been tested with Chrome version 99.
abr. 05, 2022 10:41:41 A. M. org.openqa.selenium.remote.ProtocolHandshake createSession
INFO: Detected dialect: W3C
abr. 05, 2022 10:41:41 A. M. org.openqa.selenium.devtools.CdpVersionFinder findNearestMatch
WARNING: Unable to find an exact match for CDP version 99, so returning the closest version found: 97
abr. 05, 2022 10:41:41 A. M. org.openqa.selenium.devtools.CdpVersionFinder findNearestMatch
INFO: Found CDP implementation for version 99 of 97
]]></system-err>
</testsuite>
